<?xml version='1.1' encoding='UTF-8'?>
<flow-build plugin="workflow-job@1549.vc8d7f497b_22f">
  <actions>
    <hudson.model.CauseAction>
      <causeBag class="linked-hash-map">
        <entry>
          <hudson.model.Cause_-UserIdCause>
            <userId>admin</userId>
          </hudson.model.Cause_-UserIdCause>
          <int>1</int>
        </entry>
      </causeBag>
    </hudson.model.CauseAction>
    <org.jenkinsci.plugins.workflow.libs.LibrariesAction plugin="pipeline-groovy-lib@752.vdddedf804e72">
      <libraries/>
    </org.jenkinsci.plugins.workflow.libs.LibrariesAction>
    <org.jenkinsci.plugins.pipeline.modeldefinition.actions.ExecutionModelAction plugin="pipeline-model-definition@2.2221.vc657003fb_d93">
      <stagesUUID>97103619-7459-4127-81c5-bf66da794618</stagesUUID>
      <pipelineDefs>
        <org.jenkinsci.plugins.pipeline.modeldefinition.ast.ModelASTPipelineDef plugin="pipeline-model-api@2.2221.vc657003fb_d93">
          <stages>
            <stages>
              <org.jenkinsci.plugins.pipeline.modeldefinition.ast.ModelASTStage>
                <name>Setup</name>
                <branches>
                  <org.jenkinsci.plugins.pipeline.modeldefinition.ast.ModelASTBranch>
                    <name>default</name>
                    <steps>
                      <org.jenkinsci.plugins.pipeline.modeldefinition.ast.ModelASTStep>
                        <name>sh</name>
                        <args class="org.jenkinsci.plugins.pipeline.modeldefinition.ast.ModelASTNamedArgumentList">
                          <arguments class="linked-hash-map">
                            <entry>
                              <org.jenkinsci.plugins.pipeline.modeldefinition.ast.ModelASTKey>
                                <key>script</key>
                              </org.jenkinsci.plugins.pipeline.modeldefinition.ast.ModelASTKey>
                              <org.jenkinsci.plugins.pipeline.modeldefinition.ast.ModelASTValue_-ConstantValue>
                                <value class="string">
                    # Criar docker-compose de teste
                    cat &gt; docker-compose.test.yml &lt;&lt; &apos;EOF&apos;
version: &apos;3.8&apos;
services:
  laravel.test:
    build:
      context: .
      dockerfile: Dockerfile  # SEU Dockerfile do Sail
      args:
        WWWGROUP: &quot;1000&quot;
    image: laravel-sail-test
    environment:
      WWWUSER: &quot;1000&quot;
      DB_CONNECTION: sqlite
      DB_DATABASE: /var/www/html/database/database.sqlite
    volumes:
      - ./:/var/www/html
    command: &gt;
      sh -c &quot;
        php -r &quot;file_exists(&apos;.env&apos;) || copy(&apos;.env.example&apos;, &apos;.env&apos;);&quot; &amp;&amp;
        composer install -q --no-ansi --no-interaction --no-scripts --no-progress --prefer-dist &amp;&amp;
        php artisan key:generate &amp;&amp;
        chmod -R 777 storage bootstrap/cache &amp;&amp;
        mkdir -p database &amp;&amp;
        touch database/database.sqlite &amp;&amp;
        php artisan test
      &quot;
EOF
                </value>
                              </org.jenkinsci.plugins.pipeline.modeldefinition.ast.ModelASTValue_-ConstantValue>
                            </entry>
                          </arguments>
                        </args>
                      </org.jenkinsci.plugins.pipeline.modeldefinition.ast.ModelASTStep>
                    </steps>
                  </org.jenkinsci.plugins.pipeline.modeldefinition.ast.ModelASTBranch>
                </branches>
              </org.jenkinsci.plugins.pipeline.modeldefinition.ast.ModelASTStage>
              <org.jenkinsci.plugins.pipeline.modeldefinition.ast.ModelASTStage>
                <name>Run Tests</name>
                <branches>
                  <org.jenkinsci.plugins.pipeline.modeldefinition.ast.ModelASTBranch>
                    <name>default</name>
                    <steps>
                      <org.jenkinsci.plugins.pipeline.modeldefinition.ast.ModelASTStep>
                        <name>sh</name>
                        <args class="org.jenkinsci.plugins.pipeline.modeldefinition.ast.ModelASTNamedArgumentList">
                          <arguments class="linked-hash-map">
                            <entry>
                              <org.jenkinsci.plugins.pipeline.modeldefinition.ast.ModelASTKey>
                                <key>script</key>
                              </org.jenkinsci.plugins.pipeline.modeldefinition.ast.ModelASTKey>
                              <org.jenkinsci.plugins.pipeline.modeldefinition.ast.ModelASTValue_-ConstantValue>
                                <value class="string">
                    # Clonar código
                    git clone https://github.com/Gabrielcefetzada/api-pagamento.git .
                    
                    # Build e executar
                    docker-compose -f docker-compose.test.yml build
                    docker-compose -f docker-compose.test.yml run --rm laravel.test
                </value>
                              </org.jenkinsci.plugins.pipeline.modeldefinition.ast.ModelASTValue_-ConstantValue>
                            </entry>
                          </arguments>
                        </args>
                      </org.jenkinsci.plugins.pipeline.modeldefinition.ast.ModelASTStep>
                    </steps>
                  </org.jenkinsci.plugins.pipeline.modeldefinition.ast.ModelASTBranch>
                </branches>
              </org.jenkinsci.plugins.pipeline.modeldefinition.ast.ModelASTStage>
            </stages>
            <uuid>97103619-7459-4127-81c5-bf66da794618</uuid>
          </stages>
          <agent>
            <agentType>
              <key>any</key>
            </agentType>
          </agent>
        </org.jenkinsci.plugins.pipeline.modeldefinition.ast.ModelASTPipelineDef>
      </pipelineDefs>
    </org.jenkinsci.plugins.pipeline.modeldefinition.actions.ExecutionModelAction>
  </actions>
  <queueId>14</queueId>
  <timestamp>1764898525226</timestamp>
  <startTime>1764898525258</startTime>
  <result>FAILURE</result>
  <duration>1566</duration>
  <charset>UTF-8</charset>
  <keepLog>false</keepLog>
  <execution class="org.jenkinsci.plugins.workflow.cps.CpsFlowExecution">
    <result>FAILURE</result>
    <script>pipeline {
    agent any
    
    stages {
        stage(&apos;Setup&apos;) {
            steps {
                sh &apos;&apos;&apos;
                    # Criar docker-compose de teste
                    cat &gt; docker-compose.test.yml &lt;&lt; &apos;EOF&apos;
version: &apos;3.8&apos;
services:
  laravel.test:
    build:
      context: .
      dockerfile: Dockerfile  # SEU Dockerfile do Sail
      args:
        WWWGROUP: &quot;1000&quot;
    image: laravel-sail-test
    environment:
      WWWUSER: &quot;1000&quot;
      DB_CONNECTION: sqlite
      DB_DATABASE: /var/www/html/database/database.sqlite
    volumes:
      - ./:/var/www/html
    command: &gt;
      sh -c &quot;
        php -r \&quot;file_exists(&apos;.env&apos;) || copy(&apos;.env.example&apos;, &apos;.env&apos;);\&quot; &amp;&amp;
        composer install -q --no-ansi --no-interaction --no-scripts --no-progress --prefer-dist &amp;&amp;
        php artisan key:generate &amp;&amp;
        chmod -R 777 storage bootstrap/cache &amp;&amp;
        mkdir -p database &amp;&amp;
        touch database/database.sqlite &amp;&amp;
        php artisan test
      &quot;
EOF
                &apos;&apos;&apos;
            }
        }
        
        stage(&apos;Run Tests&apos;) {
            steps {
                sh &apos;&apos;&apos;
                    # Clonar código
                    git clone https://github.com/Gabrielcefetzada/api-pagamento.git .
                    
                    # Build e executar
                    docker-compose -f docker-compose.test.yml build
                    docker-compose -f docker-compose.test.yml run --rm laravel.test
                &apos;&apos;&apos;
            }
        }
    }
}</script>
    <loadedScripts class="linked-hash-map"/>
    <durabilityHint>MAX_SURVIVABILITY</durabilityHint>
    <timings class="map">
      <entry>
        <string>flowNode</string>
        <long>256982509</long>
      </entry>
      <entry>
        <string>classLoad</string>
        <long>267145234</long>
      </entry>
      <entry>
        <string>runQueue</string>
        <long>873491022</long>
      </entry>
      <entry>
        <string>run</string>
        <long>997468284</long>
      </entry>
      <entry>
        <string>parse</string>
        <long>44299300</long>
      </entry>
      <entry>
        <string>saveProgram</string>
        <long>238197993</long>
      </entry>
    </timings>
    <internalCalls class="sorted-set"/>
    <sandbox>true</sandbox>
    <iota>17</iota>
    <head>1:17</head>
    <done>true</done>
    <resumeBlocked>false</resumeBlocked>
    <storageDir>workflow-completed</storageDir>
  </execution>
  <completed>true</completed>
  <checkouts class="hudson.util.PersistedList"/>
</flow-build>